<?xml version="1.0" encoding="UTF-8"?>
<!-- Generated by org.testng.reporters.JUnitReportReporter -->
<testsuite hostname="DESKTOP-I955M86" failures="0" tests="1" name="Actitime.Test.HomePageTest" time="34.274" errors="0" timestamp="23 Sep 2022 15:25:03 GMT" skipped="0">
  <testcase classname="Actitime.Test.HomePageTest" name="homePage" time="34.274"/>
</testsuite> <!-- Actitime.Test.HomePageTest -->
