<?xml version="1.0" encoding="UTF-8"?>
<!-- Generated by org.testng.reporters.JUnitReportReporter -->
<testsuite hostname="DESKTOP-I955M86" failures="0" tests="1" name="Actitime.Test.HomePageTest" time="23.627" errors="0" timestamp="16 Sep 2022 17:56:19 GMT" skipped="0">
  <testcase classname="Actitime.Test.HomePageTest" name="homePage" time="23.627"/>
</testsuite> <!-- Actitime.Test.HomePageTest -->
