<?xml version="1.0" encoding="UTF-8"?>
<!-- Generated by org.testng.reporters.JUnitReportReporter -->
<testsuite hostname="DESKTOP-I955M86" failures="0" tests="1" name="Actitime.Test.LoginTest" time="91.558" errors="0" timestamp="23 Sep 2022 15:25:02 GMT" skipped="0">
  <testcase classname="Actitime.Test.LoginTest" name="testLogin" time="91.558"/>
</testsuite> <!-- Actitime.Test.LoginTest -->
